app/build/intermediates/manifest_merge_blame_file/debug/manifest-merger-blame-debug-report.txt
1<?xml version="1.0" encoding="utf-8"?>
2<manifest xmlns:android="http://schemas.android.com/apk/res/android"
3    package="com.example.socialslugapp"
4    android:versionCode="1"
5    android:versionName="1.0" >
6
7    <uses-sdk
8        android:minSdkVersion="27"
8-->src/main/AndroidManifest.xml
9        android:targetSdkVersion="29" />
9-->src/main/AndroidManifest.xml
10
11    <uses-permission android:name="android.permission.ACCESS_NETWORK_STATE" />
11-->src/main/AndroidManifest.xml:5:5-79
11-->src/main/AndroidManifest.xml:5:22-76
12    <uses-permission android:name="android.permission.INTERNET" />
12-->src/main/AndroidManifest.xml:6:5-67
12-->src/main/AndroidManifest.xml:6:22-64
13    <uses-permission android:name="android.permission.READ_EXTERNAL_STORAGE" />
13-->src/main/AndroidManifest.xml:7:5-80
13-->src/main/AndroidManifest.xml:7:22-77
14    <uses-permission android:name="android.permission.WRITE_EXTERNAL_STORAGE" />
14-->src/main/AndroidManifest.xml:8:5-81
14-->src/main/AndroidManifest.xml:8:22-78
15    <uses-permission android:name="android.permission.CAMERA" />
15-->src/main/AndroidManifest.xml:9:5-65
15-->src/main/AndroidManifest.xml:9:22-62
16
17    <uses-feature android:name="android.hardware.camera" />
17-->src/main/AndroidManifest.xml:11:5-60
17-->src/main/AndroidManifest.xml:11:19-57
18    <uses-feature android:name="android.hardware.camera.autofocus" />
18-->src/main/AndroidManifest.xml:12:5-70
18-->src/main/AndroidManifest.xml:12:19-67
19
20    <uses-permission android:name="android.permission.WAKE_LOCK" /> <!-- Required by older versions of Google Play services to create IID tokens -->
20-->[com.google.android.gms:play-services-measurement-api:17.2.1] AndroidManifest.xml:24:5-68
20-->[com.google.android.gms:play-services-measurement-api:17.2.1] AndroidManifest.xml:24:22-65
21    <uses-permission android:name="com.google.android.c2dm.permission.RECEIVE" />
21-->[com.google.firebase:firebase-iid:20.0.0] AndroidManifest.xml:26:5-82
21-->[com.google.firebase:firebase-iid:20.0.0] AndroidManifest.xml:26:22-79
22    <uses-permission android:name="com.google.android.finsky.permission.BIND_GET_INSTALL_REFERRER_SERVICE" />
22-->[com.google.android.gms:play-services-measurement:17.2.1] AndroidManifest.xml:26:5-110
22-->[com.google.android.gms:play-services-measurement:17.2.1] AndroidManifest.xml:26:22-107
23
24    <application
24-->src/main/AndroidManifest.xml:14:5-37:19
25        android:allowBackup="true"
25-->src/main/AndroidManifest.xml:15:9-35
26        android:appComponentFactory="androidx.core.app.CoreComponentFactory"
26-->[androidx.core:core:1.1.0] AndroidManifest.xml:24:18-86
27        android:debuggable="true"
28        android:icon="@mipmap/ic_launcher"
28-->src/main/AndroidManifest.xml:16:9-43
29        android:label="@string/app_name"
29-->src/main/AndroidManifest.xml:17:9-41
30        android:roundIcon="@mipmap/ic_launcher_round"
30-->src/main/AndroidManifest.xml:18:9-54
31        android:supportsRtl="true"
31-->src/main/AndroidManifest.xml:19:9-35
32        android:testOnly="true"
33        android:theme="@style/AppTheme" >
33-->src/main/AndroidManifest.xml:20:9-40
34        <activity android:name="com.example.socialslugapp.DisplayPosts" />
34-->src/main/AndroidManifest.xml:21:9-59
34-->src/main/AndroidManifest.xml:21:19-47
35        <activity android:name="com.example.socialslugapp.AdapterPosts" />
35-->src/main/AndroidManifest.xml:22:9-50
35-->src/main/AndroidManifest.xml:22:19-47
36        <activity android:name="com.example.socialslugapp.ModelPost" />
36-->src/main/AndroidManifest.xml:23:9-47
36-->src/main/AndroidManifest.xml:23:19-44
37        <activity android:name="com.example.socialslugapp.MainMenu" />
37-->src/main/AndroidManifest.xml:24:9-46
37-->src/main/AndroidManifest.xml:24:19-43
38        <activity android:name="com.example.socialslugapp.AddPost" />
38-->src/main/AndroidManifest.xml:25:9-45
38-->src/main/AndroidManifest.xml:25:19-42
39        <activity android:name="com.example.socialslugapp.UserProfile" />
39-->src/main/AndroidManifest.xml:26:9-49
39-->src/main/AndroidManifest.xml:26:19-46
40        <activity
40-->src/main/AndroidManifest.xml:27:9-36:20
41            android:name="com.example.socialslugapp.MainActivity"
41-->src/main/AndroidManifest.xml:28:13-41
42            android:label="@string/app_name"
42-->src/main/AndroidManifest.xml:29:13-45
43            android:theme="@style/AppTheme.NoActionBar" >
43-->src/main/AndroidManifest.xml:30:13-56
44            <intent-filter>
44-->src/main/AndroidManifest.xml:31:13-35:29
45                <action android:name="android.intent.action.MAIN" />
45-->src/main/AndroidManifest.xml:32:17-69
45-->src/main/AndroidManifest.xml:32:25-66
46
47                <category android:name="android.intent.category.LAUNCHER" />
47-->src/main/AndroidManifest.xml:34:17-77
47-->src/main/AndroidManifest.xml:34:27-74
48            </intent-filter>
49        </activity>
50
51        <meta-data
51-->[com.firebaseui:firebase-ui-auth:4.3.1] AndroidManifest.xml:16:9-18:69
52            android:name="com.google.android.gms.version"
52-->[com.firebaseui:firebase-ui-auth:4.3.1] AndroidManifest.xml:17:13-58
53            android:value="@integer/google_play_services_version" />
53-->[com.firebaseui:firebase-ui-auth:4.3.1] AndroidManifest.xml:18:13-66
54        <meta-data
54-->[com.firebaseui:firebase-ui-auth:4.3.1] AndroidManifest.xml:19:9-21:63
55            android:name="com.facebook.sdk.ApplicationId"
55-->[com.firebaseui:firebase-ui-auth:4.3.1] AndroidManifest.xml:20:13-58
56            android:value="@string/facebook_application_id" />
56-->[com.firebaseui:firebase-ui-auth:4.3.1] AndroidManifest.xml:21:13-60
57
58        <activity
58-->[com.firebaseui:firebase-ui-auth:4.3.1] AndroidManifest.xml:23:9-27:61
59            android:name="com.firebase.ui.auth.KickoffActivity"
59-->[com.firebaseui:firebase-ui-auth:4.3.1] AndroidManifest.xml:24:13-64
60            android:exported="false"
60-->[com.firebaseui:firebase-ui-auth:4.3.1] AndroidManifest.xml:25:13-37
61            android:label=""
61-->[com.firebaseui:firebase-ui-auth:4.3.1] AndroidManifest.xml:26:13-29
62            android:theme="@style/FirebaseUI.Transparent" />
62-->[com.firebaseui:firebase-ui-auth:4.3.1] AndroidManifest.xml:27:13-58
63        <activity
63-->[com.firebaseui:firebase-ui-auth:4.3.1] AndroidManifest.xml:28:9-32:61
64            android:name="com.firebase.ui.auth.ui.idp.SingleSignInActivity"
64-->[com.firebaseui:firebase-ui-auth:4.3.1] AndroidManifest.xml:29:13-76
65            android:exported="false"
65-->[com.firebaseui:firebase-ui-auth:4.3.1] AndroidManifest.xml:30:13-37
66            android:label=""
66-->[com.firebaseui:firebase-ui-auth:4.3.1] AndroidManifest.xml:31:13-29
67            android:theme="@style/FirebaseUI.Transparent" />
67-->[com.firebaseui:firebase-ui-auth:4.3.1] AndroidManifest.xml:32:13-58
68        <activity
68-->[com.firebaseui:firebase-ui-auth:4.3.1] AndroidManifest.xml:33:9-37:61
69            android:name="com.firebase.ui.auth.ui.credentials.CredentialSaveActivity"
69-->[com.firebaseui:firebase-ui-auth:4.3.1] AndroidManifest.xml:34:13-86
70            android:exported="false"
70-->[com.firebaseui:firebase-ui-auth:4.3.1] AndroidManifest.xml:35:13-37
71            android:label=""
71-->[com.firebaseui:firebase-ui-auth:4.3.1] AndroidManifest.xml:36:13-29
72            android:theme="@style/FirebaseUI.Transparent" />
72-->[com.firebaseui:firebase-ui-auth:4.3.1] AndroidManifest.xml:37:13-58
73        <activity
73-->[com.firebaseui:firebase-ui-auth:4.3.1] AndroidManifest.xml:38:9-42:58
74            android:name="com.firebase.ui.auth.ui.email.RecoverPasswordActivity"
74-->[com.firebaseui:firebase-ui-auth:4.3.1] AndroidManifest.xml:39:13-81
75            android:exported="false"
75-->[com.firebaseui:firebase-ui-auth:4.3.1] AndroidManifest.xml:40:13-37
76            android:label="@string/fui_title_recover_password_activity"
76-->[com.firebaseui:firebase-ui-auth:4.3.1] AndroidManifest.xml:41:13-72
77            android:windowSoftInputMode="adjustResize" />
77-->[com.firebaseui:firebase-ui-auth:4.3.1] AndroidManifest.xml:42:13-55
78        <activity
78-->[com.firebaseui:firebase-ui-auth:4.3.1] AndroidManifest.xml:43:9-47:58
79            android:name="com.firebase.ui.auth.ui.email.EmailActivity"
79-->[com.firebaseui:firebase-ui-auth:4.3.1] AndroidManifest.xml:44:13-71
80            android:exported="false"
80-->[com.firebaseui:firebase-ui-auth:4.3.1] AndroidManifest.xml:45:13-37
81            android:label="@string/fui_sign_in_default"
81-->[com.firebaseui:firebase-ui-auth:4.3.1] AndroidManifest.xml:46:13-56
82            android:windowSoftInputMode="adjustResize" />
82-->[com.firebaseui:firebase-ui-auth:4.3.1] AndroidManifest.xml:47:13-55
83        <activity
83-->[com.firebaseui:firebase-ui-auth:4.3.1] AndroidManifest.xml:48:9-52:77
84            android:name="com.firebase.ui.auth.ui.phone.PhoneActivity"
84-->[com.firebaseui:firebase-ui-auth:4.3.1] AndroidManifest.xml:49:13-71
85            android:exported="false"
85-->[com.firebaseui:firebase-ui-auth:4.3.1] AndroidManifest.xml:50:13-37
86            android:label="@string/fui_sign_in_with_phone_number"
86-->[com.firebaseui:firebase-ui-auth:4.3.1] AndroidManifest.xml:51:13-66
87            android:windowSoftInputMode="adjustResize|stateAlwaysVisible" />
87-->[com.firebaseui:firebase-ui-auth:4.3.1] AndroidManifest.xml:52:13-74
88        <activity
88-->[com.firebaseui:firebase-ui-auth:4.3.1] AndroidManifest.xml:53:9-57:58
89            android:name="com.firebase.ui.auth.ui.idp.WelcomeBackIdpPrompt"
89-->[com.firebaseui:firebase-ui-auth:4.3.1] AndroidManifest.xml:54:13-76
90            android:exported="false"
90-->[com.firebaseui:firebase-ui-auth:4.3.1] AndroidManifest.xml:55:13-37
91            android:label="@string/fui_title_welcome_back_idp_prompt"
91-->[com.firebaseui:firebase-ui-auth:4.3.1] AndroidManifest.xml:56:13-70
92            android:windowSoftInputMode="adjustResize" />
92-->[com.firebaseui:firebase-ui-auth:4.3.1] AndroidManifest.xml:57:13-55
93        <activity
93-->[com.firebaseui:firebase-ui-auth:4.3.1] AndroidManifest.xml:58:9-62:58
94            android:name="com.firebase.ui.auth.ui.email.WelcomeBackPasswordPrompt"
94-->[com.firebaseui:firebase-ui-auth:4.3.1] AndroidManifest.xml:59:13-83
95            android:exported="false"
95-->[com.firebaseui:firebase-ui-auth:4.3.1] AndroidManifest.xml:60:13-37
96            android:label="@string/fui_title_welcome_back_password_prompt"
96-->[com.firebaseui:firebase-ui-auth:4.3.1] AndroidManifest.xml:61:13-75
97            android:windowSoftInputMode="adjustResize" />
97-->[com.firebaseui:firebase-ui-auth:4.3.1] AndroidManifest.xml:62:13-55
98        <activity
98-->[com.firebaseui:firebase-ui-auth:4.3.1] AndroidManifest.xml:63:9-67:58
99            android:name="com.firebase.ui.auth.ui.email.WelcomeBackEmailLinkPrompt"
99-->[com.firebaseui:firebase-ui-auth:4.3.1] AndroidManifest.xml:64:13-84
100            android:exported="false"
100-->[com.firebaseui:firebase-ui-auth:4.3.1] AndroidManifest.xml:65:13-37
101            android:label="@string/fui_title_welcome_back_password_prompt"
101-->[com.firebaseui:firebase-ui-auth:4.3.1] AndroidManifest.xml:66:13-75
102            android:windowSoftInputMode="adjustResize" />
102-->[com.firebaseui:firebase-ui-auth:4.3.1] AndroidManifest.xml:67:13-55
103        <activity
103-->[com.firebaseui:firebase-ui-auth:4.3.1] AndroidManifest.xml:68:9-73:58
104            android:name="com.firebase.ui.auth.ui.email.EmailLinkCatcherActivity"
104-->[com.firebaseui:firebase-ui-auth:4.3.1] AndroidManifest.xml:69:13-82
105            android:exported="false"
105-->[com.firebaseui:firebase-ui-auth:4.3.1] AndroidManifest.xml:70:13-37
106            android:label=""
106-->[com.firebaseui:firebase-ui-auth:4.3.1] AndroidManifest.xml:71:13-29
107            android:theme="@style/FirebaseUI.Transparent"
107-->[com.firebaseui:firebase-ui-auth:4.3.1] AndroidManifest.xml:72:13-58
108            android:windowSoftInputMode="adjustResize" />
108-->[com.firebaseui:firebase-ui-auth:4.3.1] AndroidManifest.xml:73:13-55
109        <activity
109-->[com.firebaseui:firebase-ui-auth:4.3.1] AndroidManifest.xml:74:9-78:58
110            android:name="com.firebase.ui.auth.ui.email.EmailLinkErrorRecoveryActivity"
110-->[com.firebaseui:firebase-ui-auth:4.3.1] AndroidManifest.xml:75:13-88
111            android:exported="false"
111-->[com.firebaseui:firebase-ui-auth:4.3.1] AndroidManifest.xml:76:13-37
112            android:label="@string/fui_sign_in_default"
112-->[com.firebaseui:firebase-ui-auth:4.3.1] AndroidManifest.xml:77:13-56
113            android:windowSoftInputMode="adjustResize" />
113-->[com.firebaseui:firebase-ui-auth:4.3.1] AndroidManifest.xml:78:13-55
114        <activity
114-->[com.firebaseui:firebase-ui-auth:4.3.1] AndroidManifest.xml:79:9-82:65
115            android:name="com.firebase.ui.auth.ui.idp.AuthMethodPickerActivity"
115-->[com.firebaseui:firebase-ui-auth:4.3.1] AndroidManifest.xml:80:13-80
116            android:exported="false"
116-->[com.firebaseui:firebase-ui-auth:4.3.1] AndroidManifest.xml:81:13-37
117            android:label="@string/fui_default_toolbar_title" />
117-->[com.firebaseui:firebase-ui-auth:4.3.1] AndroidManifest.xml:82:13-62
118        <activity
118-->[com.firebaseui:firebase-ui-auth:4.3.1] AndroidManifest.xml:83:9-87:48
119            android:name="com.facebook.FacebookActivity"
119-->[com.firebaseui:firebase-ui-auth:4.3.1] AndroidManifest.xml:84:13-57
120            android:configChanges="keyboard|keyboardHidden|screenLayout|screenSize|orientation"
120-->[com.firebaseui:firebase-ui-auth:4.3.1] AndroidManifest.xml:85:13-96
121            android:label="@string/app_name" />
121-->[com.firebaseui:firebase-ui-auth:4.3.1] AndroidManifest.xml:86:13-45
122        <activity
122-->[com.firebaseui:firebase-ui-auth:4.3.1] AndroidManifest.xml:88:9-100:20
123            android:name="com.facebook.CustomTabActivity"
123-->[com.firebaseui:firebase-ui-auth:4.3.1] AndroidManifest.xml:89:13-58
124            android:exported="true" >
124-->[com.firebaseui:firebase-ui-auth:4.3.1] AndroidManifest.xml:90:13-36
125            <intent-filter>
125-->[com.firebaseui:firebase-ui-auth:4.3.1] AndroidManifest.xml:92:13-99:29
126                <action android:name="android.intent.action.VIEW" />
126-->[com.firebaseui:firebase-ui-auth:4.3.1] AndroidManifest.xml:93:17-69
126-->[com.firebaseui:firebase-ui-auth:4.3.1] AndroidManifest.xml:93:25-66
127
128                <category android:name="android.intent.category.DEFAULT" />
128-->[com.firebaseui:firebase-ui-auth:4.3.1] AndroidManifest.xml:95:17-76
128-->[com.firebaseui:firebase-ui-auth:4.3.1] AndroidManifest.xml:95:27-73
129                <category android:name="android.intent.category.BROWSABLE" />
129-->[com.firebaseui:firebase-ui-auth:4.3.1] AndroidManifest.xml:96:17-78
129-->[com.firebaseui:firebase-ui-auth:4.3.1] AndroidManifest.xml:96:27-75
130
131                <data android:scheme="@string/facebook_login_protocol_scheme" />
131-->[com.firebaseui:firebase-ui-auth:4.3.1] AndroidManifest.xml:98:17-81
131-->[com.firebaseui:firebase-ui-auth:4.3.1] AndroidManifest.xml:98:23-78
132            </intent-filter>
133        </activity>
134
135        <provider
135-->[com.firebaseui:firebase-ui-auth:4.3.1] AndroidManifest.xml:102:9-106:38
136            android:name="com.firebase.ui.auth.data.client.AuthUiInitProvider"
136-->[com.firebaseui:firebase-ui-auth:4.3.1] AndroidManifest.xml:103:13-79
137            android:authorities="com.example.socialslugapp.authuiinitprovider"
137-->[com.firebaseui:firebase-ui-auth:4.3.1] AndroidManifest.xml:104:13-70
138            android:exported="false"
138-->[com.firebaseui:firebase-ui-auth:4.3.1] AndroidManifest.xml:105:13-37
139            android:initOrder="90" />
139-->[com.firebaseui:firebase-ui-auth:4.3.1] AndroidManifest.xml:106:13-35
140
141        <activity
141-->[com.google.android.gms:play-services-auth:17.0.0] AndroidManifest.xml:23:9-27:75
142            android:name="com.google.android.gms.auth.api.signin.internal.SignInHubActivity"
142-->[com.google.android.gms:play-services-auth:17.0.0] AndroidManifest.xml:24:13-93
143            android:excludeFromRecents="true"
143-->[com.google.android.gms:play-services-auth:17.0.0] AndroidManifest.xml:25:13-46
144            android:exported="false"
144-->[com.google.android.gms:play-services-auth:17.0.0] AndroidManifest.xml:26:13-37
145            android:theme="@android:style/Theme.Translucent.NoTitleBar" />
145-->[com.google.android.gms:play-services-auth:17.0.0] AndroidManifest.xml:27:13-72
146        <!--
147            Service handling Google Sign-In user revocation. For apps that do not integrate with
148            Google Sign-In, this service will never be started.
149        -->
150        <service
150-->[com.google.android.gms:play-services-auth:17.0.0] AndroidManifest.xml:33:9-36:110
151            android:name="com.google.android.gms.auth.api.signin.RevocationBoundService"
151-->[com.google.android.gms:play-services-auth:17.0.0] AndroidManifest.xml:34:13-89
152            android:exported="true"
152-->[com.google.android.gms:play-services-auth:17.0.0] AndroidManifest.xml:35:13-36
153            android:permission="com.google.android.gms.auth.api.signin.permission.REVOCATION_NOTIFICATION" />
153-->[com.google.android.gms:play-services-auth:17.0.0] AndroidManifest.xml:36:13-107
154
155        <activity
155-->[com.google.firebase:firebase-auth:19.1.0] AndroidManifest.xml:24:9-31:50
156            android:name="com.google.firebase.auth.internal.FederatedSignInActivity"
156-->[com.google.firebase:firebase-auth:19.1.0] AndroidManifest.xml:25:13-85
157            android:excludeFromRecents="true"
157-->[com.google.firebase:firebase-auth:19.1.0] AndroidManifest.xml:26:13-46
158            android:exported="true"
158-->[com.google.firebase:firebase-auth:19.1.0] AndroidManifest.xml:27:13-36
159            android:launchMode="singleTask"
159-->[com.google.firebase:firebase-auth:19.1.0] AndroidManifest.xml:28:13-44
160            android:permission="com.google.firebase.auth.api.gms.permission.LAUNCH_FEDERATED_SIGN_IN"
160-->[com.google.firebase:firebase-auth:19.1.0] AndroidManifest.xml:29:13-102
161            android:theme="@android:style/Theme.Translucent.NoTitleBar" />
161-->[com.google.firebase:firebase-auth:19.1.0] AndroidManifest.xml:30:13-72
162
163        <service
163-->[com.google.firebase:firebase-auth:19.1.0] AndroidManifest.xml:33:9-39:19
164            android:name="com.google.firebase.components.ComponentDiscoveryService"
164-->[com.google.firebase:firebase-auth:19.1.0] AndroidManifest.xml:34:13-84
165            android:directBootAware="true"
165-->[com.google.firebase:firebase-common:19.2.0] AndroidManifest.xml:15:13-43
166            android:exported="false" >
166-->[com.google.firebase:firebase-auth:19.1.0] AndroidManifest.xml:35:13-37
167            <meta-data
167-->[com.google.firebase:firebase-auth:19.1.0] AndroidManifest.xml:36:13-38:85
168                android:name="com.google.firebase.components:com.google.firebase.auth.FirebaseAuthRegistrar"
168-->[com.google.firebase:firebase-auth:19.1.0] AndroidManifest.xml:37:17-109
169                android:value="com.google.firebase.components.ComponentRegistrar" />
169-->[com.google.firebase:firebase-auth:19.1.0] AndroidManifest.xml:38:17-82
170            <meta-data
170-->[com.google.firebase:firebase-database:19.2.0] AndroidManifest.xml:32:13-34:85
171                android:name="com.google.firebase.components:com.google.firebase.database.DatabaseRegistrar"
171-->[com.google.firebase:firebase-database:19.2.0] AndroidManifest.xml:33:17-109
172                android:value="com.google.firebase.components.ComponentRegistrar" />
172-->[com.google.firebase:firebase-database:19.2.0] AndroidManifest.xml:34:17-82
173            <meta-data
173-->[com.google.firebase:firebase-firestore:21.2.1] AndroidManifest.xml:20:13-22:85
174                android:name="com.google.firebase.components:com.google.firebase.firestore.FirestoreRegistrar"
174-->[com.google.firebase:firebase-firestore:21.2.1] AndroidManifest.xml:21:17-111
175                android:value="com.google.firebase.components.ComponentRegistrar" />
175-->[com.google.firebase:firebase-firestore:21.2.1] AndroidManifest.xml:22:17-82
176            <meta-data
176-->[com.google.firebase:firebase-storage:19.1.0] AndroidManifest.xml:33:13-35:85
177                android:name="com.google.firebase.components:com.google.firebase.storage.StorageRegistrar"
177-->[com.google.firebase:firebase-storage:19.1.0] AndroidManifest.xml:34:17-107
178                android:value="com.google.firebase.components.ComponentRegistrar" />
178-->[com.google.firebase:firebase-storage:19.1.0] AndroidManifest.xml:35:17-82
179            <meta-data
179-->[com.google.android.gms:play-services-measurement-api:17.2.1] AndroidManifest.xml:30:13-32:85
180                android:name="com.google.firebase.components:com.google.firebase.analytics.connector.internal.AnalyticsConnectorRegistrar"
180-->[com.google.android.gms:play-services-measurement-api:17.2.1] AndroidManifest.xml:31:17-139
181                android:value="com.google.firebase.components.ComponentRegistrar" />
181-->[com.google.android.gms:play-services-measurement-api:17.2.1] AndroidManifest.xml:32:17-82
182            <meta-data
182-->[com.google.firebase:firebase-iid:20.0.0] AndroidManifest.xml:32:13-34:85
183                android:name="com.google.firebase.components:com.google.firebase.iid.Registrar"
183-->[com.google.firebase:firebase-iid:20.0.0] AndroidManifest.xml:33:17-96
184                android:value="com.google.firebase.components.ComponentRegistrar" />
184-->[com.google.firebase:firebase-iid:20.0.0] AndroidManifest.xml:34:17-82
185        </service>
186
187        <provider
187-->[com.squareup.picasso:picasso:2.71828] AndroidManifest.xml:8:9-11:40
188            android:name="com.squareup.picasso.PicassoProvider"
188-->[com.squareup.picasso:picasso:2.71828] AndroidManifest.xml:9:13-64
189            android:authorities="com.example.socialslugapp.com.squareup.picasso"
189-->[com.squareup.picasso:picasso:2.71828] AndroidManifest.xml:10:13-72
190            android:exported="false" />
190-->[com.squareup.picasso:picasso:2.71828] AndroidManifest.xml:11:13-37
191        <!--
192             FirebaseMessagingService performs security checks at runtime,
193             but set to not exported to explicitly avoid allowing another app to call it.
194        -->
195        <service
195-->[com.google.firebase:firebase-messaging:20.0.0] AndroidManifest.xml:28:9-34:19
196            android:name="com.google.firebase.messaging.FirebaseMessagingService"
196-->[com.google.firebase:firebase-messaging:20.0.0] AndroidManifest.xml:29:13-82
197            android:exported="false" >
197-->[com.google.firebase:firebase-messaging:20.0.0] AndroidManifest.xml:30:13-37
198            <intent-filter android:priority="-500" >
198-->[com.google.firebase:firebase-messaging:20.0.0] AndroidManifest.xml:31:13-33:29
198-->[com.google.firebase:firebase-messaging:20.0.0] AndroidManifest.xml:31:28-51
199                <action android:name="com.google.firebase.MESSAGING_EVENT" />
199-->[com.google.firebase:firebase-messaging:20.0.0] AndroidManifest.xml:32:17-78
199-->[com.google.firebase:firebase-messaging:20.0.0] AndroidManifest.xml:32:25-75
200            </intent-filter>
201        </service>
202
203        <receiver
203-->[com.google.firebase:firebase-iid:20.0.0] AndroidManifest.xml:37:9-44:20
204            android:name="com.google.firebase.iid.FirebaseInstanceIdReceiver"
204-->[com.google.firebase:firebase-iid:20.0.0] AndroidManifest.xml:38:13-78
205            android:exported="true"
205-->[com.google.firebase:firebase-iid:20.0.0] AndroidManifest.xml:39:13-36
206            android:permission="com.google.android.c2dm.permission.SEND" >
206-->[com.google.firebase:firebase-iid:20.0.0] AndroidManifest.xml:40:13-73
207            <intent-filter>
207-->[com.google.firebase:firebase-iid:20.0.0] AndroidManifest.xml:41:13-43:29
208                <action android:name="com.google.android.c2dm.intent.RECEIVE" />
208-->[com.google.firebase:firebase-iid:20.0.0] AndroidManifest.xml:42:17-81
208-->[com.google.firebase:firebase-iid:20.0.0] AndroidManifest.xml:42:25-78
209            </intent-filter>
210        </receiver>
211
212        <activity
212-->[com.google.android.gms:play-services-base:17.1.0] AndroidManifest.xml:23:9-26:75
213            android:name="com.google.android.gms.common.api.GoogleApiActivity"
213-->[com.google.android.gms:play-services-base:17.1.0] AndroidManifest.xml:24:13-79
214            android:exported="false"
214-->[com.google.android.gms:play-services-base:17.1.0] AndroidManifest.xml:25:13-37
215            android:theme="@android:style/Theme.Translucent.NoTitleBar" />
215-->[com.google.android.gms:play-services-base:17.1.0] AndroidManifest.xml:26:13-72
216
217        <provider
217-->[com.google.firebase:firebase-common:19.2.0] AndroidManifest.xml:19:9-23:39
218            android:name="com.google.firebase.provider.FirebaseInitProvider"
218-->[com.google.firebase:firebase-common:19.2.0] AndroidManifest.xml:20:13-77
219            android:authorities="com.example.socialslugapp.firebaseinitprovider"
219-->[com.google.firebase:firebase-common:19.2.0] AndroidManifest.xml:21:13-72
220            android:exported="false"
220-->[com.google.firebase:firebase-common:19.2.0] AndroidManifest.xml:22:13-37
221            android:initOrder="100" />
221-->[com.google.firebase:firebase-common:19.2.0] AndroidManifest.xml:23:13-36
222
223        <receiver
223-->[com.google.android.gms:play-services-measurement:17.2.1] AndroidManifest.xml:29:9-33:20
224            android:name="com.google.android.gms.measurement.AppMeasurementReceiver"
224-->[com.google.android.gms:play-services-measurement:17.2.1] AndroidManifest.xml:30:13-85
225            android:enabled="true"
225-->[com.google.android.gms:play-services-measurement:17.2.1] AndroidManifest.xml:31:13-35
226            android:exported="false" >
226-->[com.google.android.gms:play-services-measurement:17.2.1] AndroidManifest.xml:32:13-37
227        </receiver>
228        <receiver
228-->[com.google.android.gms:play-services-measurement:17.2.1] AndroidManifest.xml:34:9-42:20
229            android:name="com.google.android.gms.measurement.AppMeasurementInstallReferrerReceiver"
229-->[com.google.android.gms:play-services-measurement:17.2.1] AndroidManifest.xml:35:13-100
230            android:enabled="true"
230-->[com.google.android.gms:play-services-measurement:17.2.1] AndroidManifest.xml:36:13-35
231            android:exported="true"
231-->[com.google.android.gms:play-services-measurement:17.2.1] AndroidManifest.xml:37:13-36
232            android:permission="android.permission.INSTALL_PACKAGES" >
232-->[com.google.android.gms:play-services-measurement:17.2.1] AndroidManifest.xml:38:13-69
233            <intent-filter>
233-->[com.google.android.gms:play-services-measurement:17.2.1] AndroidManifest.xml:39:13-41:29
234                <action android:name="com.android.vending.INSTALL_REFERRER" />
234-->[com.google.android.gms:play-services-measurement:17.2.1] AndroidManifest.xml:40:17-79
234-->[com.google.android.gms:play-services-measurement:17.2.1] AndroidManifest.xml:40:25-76
235            </intent-filter>
236        </receiver>
237
238        <service
238-->[com.google.android.gms:play-services-measurement:17.2.1] AndroidManifest.xml:44:9-47:40
239            android:name="com.google.android.gms.measurement.AppMeasurementService"
239-->[com.google.android.gms:play-services-measurement:17.2.1] AndroidManifest.xml:45:13-84
240            android:enabled="true"
240-->[com.google.android.gms:play-services-measurement:17.2.1] AndroidManifest.xml:46:13-35
241            android:exported="false" />
241-->[com.google.android.gms:play-services-measurement:17.2.1] AndroidManifest.xml:47:13-37
242        <service
242-->[com.google.android.gms:play-services-measurement:17.2.1] AndroidManifest.xml:48:9-52:72
243            android:name="com.google.android.gms.measurement.AppMeasurementJobService"
243-->[com.google.android.gms:play-services-measurement:17.2.1] AndroidManifest.xml:49:13-87
244            android:enabled="true"
244-->[com.google.android.gms:play-services-measurement:17.2.1] AndroidManifest.xml:50:13-35
245            android:exported="false"
245-->[com.google.android.gms:play-services-measurement:17.2.1] AndroidManifest.xml:51:13-37
246            android:permission="android.permission.BIND_JOB_SERVICE" />
246-->[com.google.android.gms:play-services-measurement:17.2.1] AndroidManifest.xml:52:13-69
247
248        <provider
248-->[androidx.lifecycle:lifecycle-process:2.0.0] AndroidManifest.xml:23:9-27:43
249            android:name="androidx.lifecycle.ProcessLifecycleOwnerInitializer"
249-->[androidx.lifecycle:lifecycle-process:2.0.0] AndroidManifest.xml:24:13-79
250            android:authorities="com.example.socialslugapp.lifecycle-process"
250-->[androidx.lifecycle:lifecycle-process:2.0.0] AndroidManifest.xml:25:13-69
251            android:exported="false"
251-->[androidx.lifecycle:lifecycle-process:2.0.0] AndroidManifest.xml:26:13-37
252            android:multiprocess="true" />
252-->[androidx.lifecycle:lifecycle-process:2.0.0] AndroidManifest.xml:27:13-40
253    </application>
254
255</manifest>